\BOOKMARK [-1][-]{part.1}{\376\377\000I\000\040\000A\000n\000a\000l\000y\000s\000i\000s}{}% 1
\BOOKMARK [0][-]{chapter.1}{\376\377\000I\000n\000t\000r\000o\000d\000u\000c\000t\000i\000o\000n}{part.1}% 2
\BOOKMARK [1][-]{section.1.1}{\376\377\000M\000o\000t\000i\000v\000a\000t\000i\000o\000n}{chapter.1}% 3
\BOOKMARK [1][-]{section.1.2}{\376\377\000C\000o\000n\000t\000r\000i\000b\000u\000t\000i\000o\000n\000s}{chapter.1}% 4
\BOOKMARK [0][-]{chapter.2}{\376\377\000B\000a\000c\000k\000g\000r\000o\000u\000n\000d}{part.1}% 5
\BOOKMARK [1][-]{section.2.1}{\376\377\000T\000w\000i\000t\000t\000e\000r}{chapter.2}% 6
\BOOKMARK [1][-]{section.2.2}{\376\377\000S\000e\000n\000t\000i\000m\000e\000n\000t\000\040\000a\000n\000a\000l\000y\000s\000i\000s}{chapter.2}% 7
\BOOKMARK [1][-]{section.2.3}{\376\377\000S\000e\000n\000t\000i\000m\000e\000n\000t\000\040\000o\000n\000\040\000T\000w\000i\000t\000t\000e\000r}{chapter.2}% 8
\BOOKMARK [1][-]{section.2.4}{\376\377\000E\000m\000o\000t\000i\000o\000n}{chapter.2}% 9
\BOOKMARK [1][-]{section.2.5}{\376\377\000T\000o\000o\000l\000s\000\040\000a\000n\000d\000\040\000l\000a\000n\000g\000u\000a\000g\000e\000s}{chapter.2}% 10
\BOOKMARK [-1][-]{part.2}{\376\377\000I\000I\000\040\000I\000m\000p\000l\000e\000m\000e\000n\000t\000a\000t\000i\000o\000n}{}% 11
\BOOKMARK [0][-]{chapter.3}{\376\377\000O\000v\000e\000r\000v\000i\000e\000w}{part.2}% 12
\BOOKMARK [1][-]{section.3.1}{\376\377\000D\000e\000s\000i\000g\000n}{chapter.3}% 13
\BOOKMARK [1][-]{section.3.2}{\376\377\000I\000m\000p\000l\000e\000m\000e\000n\000t\000a\000t\000i\000o\000n\000\040\000n\000a\000r\000r\000a\000t\000i\000v\000e}{chapter.3}% 14
\BOOKMARK [0][-]{chapter.4}{\376\377\000C\000o\000n\000t\000e\000n\000t\000\040\000r\000e\000t\000r\000i\000e\000v\000a\000l}{part.2}% 15
\BOOKMARK [1][-]{section.4.1}{\376\377\000D\000a\000t\000a\000\040\000s\000t\000r\000u\000c\000t\000u\000r\000e\000\040\000a\000n\000d\000\040\000s\000t\000o\000r\000a\000g\000e}{chapter.4}% 16
\BOOKMARK [1][-]{section.4.2}{\376\377\000R\000e\000t\000r\000i\000e\000v\000i\000n\000g\000\040\000c\000o\000n\000t\000e\000n\000t\000\040\000o\000n\000\040\000T\000w\000i\000t\000t\000e\000r}{chapter.4}% 17
\BOOKMARK [1][-]{section.4.3}{\376\377\000P\000r\000e\000-\000p\000r\000o\000c\000e\000s\000s\000i\000n\000g}{chapter.4}% 18
\BOOKMARK [1][-]{section.4.4}{\376\377\000L\000a\000b\000e\000l\000l\000i\000n\000g\000\040\000d\000a\000t\000a}{chapter.4}% 19
\BOOKMARK [0][-]{chapter.5}{\376\377\000C\000l\000a\000s\000s\000i\000f\000i\000e\000r\000s}{part.2}% 20
\BOOKMARK [1][-]{section.5.1}{\376\377\000O\000v\000e\000r\000v\000i\000e\000w}{chapter.5}% 21
\BOOKMARK [1][-]{section.5.2}{\376\377\000P\000r\000e\000p\000a\000r\000i\000n\000g\000\040\000t\000h\000e\000\040\000d\000a\000t\000a}{chapter.5}% 22
\BOOKMARK [1][-]{section.5.3}{\376\377\000T\000r\000a\000i\000n\000i\000n\000g\000\040\000a\000n\000d\000\040\000c\000l\000a\000s\000s\000i\000f\000y\000i\000n\000g}{chapter.5}% 23
\BOOKMARK [1][-]{section.5.4}{\376\377\000T\000e\000s\000t\000i\000n\000g}{chapter.5}% 24
\BOOKMARK [1][-]{section.5.5}{\376\377\000C\000l\000a\000s\000s\000\040\000s\000u\000m\000m\000a\000r\000y}{chapter.5}% 25
\BOOKMARK [1][-]{section.5.6}{\376\377\000E\000v\000a\000l\000u\000a\000t\000i\000o\000n}{chapter.5}% 26
\BOOKMARK [0][-]{chapter.6}{\376\377\000S\000u\000b\000j\000e\000c\000t\000i\000v\000i\000t\000y\000\040\000c\000l\000a\000s\000s\000i\000f\000i\000c\000a\000t\000i\000o\000n}{part.2}% 27
\BOOKMARK [1][-]{section.6.1}{\376\377\000T\000r\000a\000i\000n\000i\000n\000g\000\040\000s\000e\000t}{chapter.6}% 28
\BOOKMARK [1][-]{section.6.2}{\376\377\000F\000e\000a\000t\000u\000r\000e\000s}{chapter.6}% 29
\BOOKMARK [1][-]{section.6.3}{\376\377\000R\000e\000s\000u\000l\000t\000s}{chapter.6}% 30
\BOOKMARK [1][-]{section.6.4}{\376\377\000E\000v\000a\000l\000u\000a\000t\000i\000o\000n}{chapter.6}% 31
\BOOKMARK [0][-]{chapter.7}{\376\377\000P\000o\000l\000a\000r\000i\000t\000y\000\040\000c\000l\000a\000s\000s\000i\000f\000i\000c\000a\000t\000i\000o\000n}{part.2}% 32
\BOOKMARK [1][-]{section.7.1}{\376\377\000T\000r\000a\000i\000n\000i\000n\000g\000\040\000s\000e\000t}{chapter.7}% 33
\BOOKMARK [1][-]{section.7.2}{\376\377\000F\000e\000a\000t\000u\000r\000e\000s}{chapter.7}% 34
\BOOKMARK [1][-]{section.7.3}{\376\377\000R\000e\000s\000u\000l\000t\000s}{chapter.7}% 35
\BOOKMARK [1][-]{section.7.4}{\376\377\000E\000v\000a\000l\000u\000a\000t\000i\000o\000n}{chapter.7}% 36
\BOOKMARK [0][-]{chapter.8}{\376\377\000E\000m\000o\000t\000i\000o\000n\000\040\000c\000l\000a\000s\000s\000i\000f\000i\000c\000a\000t\000i\000o\000n}{part.2}% 37
\BOOKMARK [0][-]{chapter.9}{\376\377\000T\000o\000p\000i\000c\000\040\000e\000x\000t\000r\000a\000c\000t\000i\000o\000n}{part.2}% 38
\BOOKMARK [0][-]{chapter.10}{\376\377\000D\000e\000l\000i\000v\000e\000r\000y}{part.2}% 39
\BOOKMARK [-1][-]{part.3}{\376\377\000I\000I\000I\000\040\000E\000v\000a\000l\000u\000a\000t\000i\000o\000n}{}% 40
\BOOKMARK [0][-]{chapter.11}{\376\377\000E\000v\000a\000l\000u\000a\000t\000i\000o\000n}{part.3}% 41
\BOOKMARK [0][-]{chapter.12}{\376\377\000C\000o\000n\000c\000l\000u\000s\000i\000o\000n}{part.3}% 42
\BOOKMARK [-1][-]{part.4}{\376\377\000I\000V\000\040\000A\000p\000p\000e\000n\000d\000i\000x}{}% 43
\BOOKMARK [0][-]{appendix.A}{\376\377\000T\000a\000b\000l\000e\000s\000\040\000a\000n\000d\000\040\000f\000i\000g\000u\000r\000e\000s}{part.4}% 44
\BOOKMARK [1][-]{section.A.1}{\376\377\000B\000a\000c\000k\000g\000r\000o\000u\000n\000d}{appendix.A}% 45
\BOOKMARK [1][-]{section.A.2}{\376\377\000C\000o\000n\000t\000e\000n\000t\000\040\000r\000e\000t\000r\000i\000e\000v\000a\000l}{appendix.A}% 46
\BOOKMARK [0][-]{appendix.B}{\376\377\000C\000o\000d\000e\000\040\000e\000x\000a\000m\000p\000l\000e\000s}{part.4}% 47
\BOOKMARK [1][-]{section.B.1}{\376\377\000C\000o\000n\000t\000e\000n\000t\000\040\000r\000e\000t\000r\000i\000e\000v\000a\000l}{appendix.B}% 48
